[backblue.gif]
[fade.gif]
[index.html]
[demos.codexcoder.com/labartisan/html/heal/heal/assets/css/favicon.png]
[demos.codexcoder.com/labartisan/html/heal/heal/assets/images/logo/03.png]
[demos.codexcoder.com/labartisan/html/heal/heal/assets/images/about/02.jpg]
[demos.codexcoder.com/labartisan/html/heal/heal/assets/images/testimonial/01.jpg]
[demos.codexcoder.com/labartisan/html/heal/heal/assets/images/gallery/home-3/01.jpg]
[demos.codexcoder.com/labartisan/html/heal/heal/assets/images/gallery/home-3/02.jpg]
[demos.codexcoder.com/labartisan/html/heal/heal/assets/images/gallery/home-3/03.jpg]
[demos.codexcoder.com/labartisan/html/heal/heal/assets/images/gallery/home-3/04.jpg]
[demos.codexcoder.com/labartisan/html/heal/heal/assets/images/gallery/home-3/05.jpg]
[demos.codexcoder.com/labartisan/html/heal/heal/assets/images/gallery/home-3/06.jpg]
[demos.codexcoder.com/labartisan/html/heal/heal/assets/images/gallery/home-3/07.jpg]
[demos.codexcoder.com/labartisan/html/heal/heal/assets/images/gallery/home-3/08.jpg]
[demos.codexcoder.com/labartisan/html/heal/heal/assets/images/event/01.jpg]
[demos.codexcoder.com/labartisan/html/heal/heal/assets/images/event/02.jpg]
[demos.codexcoder.com/labartisan/html/heal/heal/assets/images/blog/02.jpg]
[demos.codexcoder.com/labartisan/html/heal/heal/assets/images/blog/03.jpg]
[demos.codexcoder.com/labartisan/html/heal/heal/assets/images/blog/04.jpg]
[demos.codexcoder.com/labartisan/html/heal/heal/assets/images/blog/05.jpg]
[demos.codexcoder.com/labartisan/html/heal/heal/assets/images/partner/01.png]
[demos.codexcoder.com/labartisan/html/heal/heal/assets/images/partner/02.png]
[demos.codexcoder.com/labartisan/html/heal/heal/assets/images/partner/03.png]
[demos.codexcoder.com/labartisan/html/heal/heal/assets/images/partner/04.png]
[demos.codexcoder.com/labartisan/html/heal/heal/assets/js/jquery-3.6.0.min.js]
[demos.codexcoder.com/labartisan/html/heal/heal/assets/js/bootstrap.bundle.min.js]
[demos.codexcoder.com/labartisan/html/heal/heal/assets/js/waypoints.min.js]
[demos.codexcoder.com/labartisan/html/heal/heal/assets/js/all.min.js]
[demos.codexcoder.com/labartisan/html/heal/heal/assets/js/swiper.min.js]
[demos.codexcoder.com/labartisan/html/heal/heal/assets/js/lightcase.js]
[demos.codexcoder.com/labartisan/html/heal/heal/assets/js/isotope.pkgd.min.js]
[demos.codexcoder.com/labartisan/html/heal/heal/assets/js/jquery.counterup.min.js]
[demos.codexcoder.com/labartisan/html/heal/heal/assets/js/wow.js]
[demos.codexcoder.com/labartisan/html/heal/heal/assets/js/custom.js]
[demos.codexcoder.com/labartisan/html/heal/heal/index.html]
[demos.codexcoder.com/labartisan/html/heal/heal/assets/css/animate.css]
[demos.codexcoder.com/labartisan/html/heal/heal/assets/css/bootstrap.min.css]
[demos.codexcoder.com/labartisan/html/heal/heal/assets/webfonts/fa-brands-400.eot]
[demos.codexcoder.com/labartisan/html/heal/heal/assets/webfonts/fa-brands-400d41d.eot]
[demos.codexcoder.com/labartisan/html/heal/heal/assets/webfonts/fa-brands-400.woff2]
[demos.codexcoder.com/labartisan/html/heal/heal/assets/webfonts/fa-brands-400.woff]
[demos.codexcoder.com/labartisan/html/heal/heal/assets/webfonts/fa-brands-400.ttf]
[demos.codexcoder.com/labartisan/html/heal/heal/assets/webfonts/fa-regular-400.eot]
[demos.codexcoder.com/labartisan/html/heal/heal/assets/webfonts/fa-regular-400d41d.eot]
[demos.codexcoder.com/labartisan/html/heal/heal/assets/webfonts/fa-regular-400.woff2]
[demos.codexcoder.com/labartisan/html/heal/heal/assets/webfonts/fa-regular-400.woff]
[demos.codexcoder.com/labartisan/html/heal/heal/assets/webfonts/fa-regular-400.ttf]
[demos.codexcoder.com/labartisan/html/heal/heal/assets/webfonts/fa-solid-900.eot]
[demos.codexcoder.com/labartisan/html/heal/heal/assets/webfonts/fa-solid-900d41d.eot]
[demos.codexcoder.com/labartisan/html/heal/heal/assets/webfonts/fa-solid-900.woff2]
[demos.codexcoder.com/labartisan/html/heal/heal/assets/webfonts/fa-solid-900.woff]
[demos.codexcoder.com/labartisan/html/heal/heal/assets/webfonts/fa-solid-900.ttf]
[demos.codexcoder.com/labartisan/html/heal/heal/assets/css/all.min.css]
[demos.codexcoder.com/labartisan/html/heal/heal/assets/css/swiper.min.css]
[demos.codexcoder.com/labartisan/html/heal/heal/assets/fonts/lightcaseeead.eot]
[demos.codexcoder.com/labartisan/html/heal/heal/assets/fonts/lightcaseeead.woff]
[demos.codexcoder.com/labartisan/html/heal/heal/assets/fonts/lightcaseeead.ttf]
[demos.codexcoder.com/labartisan/html/heal/heal/assets/css/lightcase.css]
[demos.codexcoder.com/labartisan/html/heal/heal/assets/images/banner/bg/02.jpg]
[demos.codexcoder.com/labartisan/html/heal/heal/assets/images/banner/bg/01.jpg]
[demos.codexcoder.com/labartisan/html/heal/heal/assets/images/banner/bg/03.jpg]
[demos.codexcoder.com/labartisan/html/heal/heal/assets/images/banner/home-3/01.jpg]
[demos.codexcoder.com/labartisan/html/heal/heal/assets/images/banner/home-3/02.jpg]
[demos.codexcoder.com/labartisan/html/heal/heal/assets/images/banner/home-3/03.jpg]
[demos.codexcoder.com/labartisan/html/heal/heal/assets/images/donate/bg/01.jpg]
[demos.codexcoder.com/labartisan/html/heal/heal/assets/images/testimonial/bg.jpg]
[demos.codexcoder.com/labartisan/html/heal/heal/assets/images/testimonial/bg-2.jpg]
[demos.codexcoder.com/labartisan/html/heal/heal/assets/images/counter/bg-counter.jpg]
[demos.codexcoder.com/labartisan/html/heal/heal/assets/images/countdown/bg-countdown.jpg]
[demos.codexcoder.com/labartisan/html/heal/heal/assets/css/style.min.css]
[demos.codexcoder.com/labartisan/html/heal/heal/assets/images/logo/02.png]
[demos.codexcoder.com/labartisan/html/heal/heal/assets/images/banner/home-2/01.png]
[demos.codexcoder.com/labartisan/html/heal/heal/assets/images/banner/home-2/shape/01.png]
[demos.codexcoder.com/labartisan/html/heal/heal/assets/images/banner/home-2/shape/02.png]
[demos.codexcoder.com/labartisan/html/heal/heal/assets/images/banner/home-2/shape/03.png]
[demos.codexcoder.com/labartisan/html/heal/heal/assets/images/about/icon/01.png]
[demos.codexcoder.com/labartisan/html/heal/heal/assets/images/about/icon/02.png]
[demos.codexcoder.com/labartisan/html/heal/heal/assets/images/about/icon/03.png]
[demos.codexcoder.com/labartisan/html/heal/heal/assets/images/about/icon/04.png]
[demos.codexcoder.com/labartisan/html/heal/heal/assets/images/about/icon/05.png]
[demos.codexcoder.com/labartisan/html/heal/heal/assets/images/about/01.jpg]
[demos.codexcoder.com/labartisan/html/heal/heal/assets/images/volunteer/01.jpg]
[demos.codexcoder.com/labartisan/html/heal/heal/assets/images/volunteer/02.jpg]
[demos.codexcoder.com/labartisan/html/heal/heal/assets/images/volunteer/03.jpg]
[demos.codexcoder.com/labartisan/html/heal/heal/assets/images/volunteer/04.jpg]
[demos.codexcoder.com/labartisan/html/heal/heal/assets/images/volunteer/05.jpg]
[demos.codexcoder.com/labartisan/html/heal/heal/assets/images/gallery/home-2/01.jpg]
[demos.codexcoder.com/labartisan/html/heal/heal/assets/images/gallery/home-2/02.jpg]
[demos.codexcoder.com/labartisan/html/heal/heal/assets/images/gallery/home-2/03.jpg]
[demos.codexcoder.com/labartisan/html/heal/heal/assets/images/gallery/home-2/04.jpg]
[demos.codexcoder.com/labartisan/html/heal/heal/assets/images/gallery/home-2/05.jpg]
[demos.codexcoder.com/labartisan/html/heal/heal/assets/images/gallery/home-2/06.jpg]
[demos.codexcoder.com/labartisan/html/heal/heal/assets/images/gallery/home-2/07.jpg]
[demos.codexcoder.com/labartisan/html/heal/heal/assets/images/gallery/home-2/08.jpg]
[demos.codexcoder.com/labartisan/html/heal/heal/assets/images/event/author/01.jpg]
[demos.codexcoder.com/labartisan/html/heal/heal/assets/images/event/author/02.jpg]
[demos.codexcoder.com/labartisan/html/heal/heal/assets/images/counter/icon/01.png]
[demos.codexcoder.com/labartisan/html/heal/heal/assets/images/counter/icon/02.png]
[demos.codexcoder.com/labartisan/html/heal/heal/assets/images/counter/icon/03.png]
[demos.codexcoder.com/labartisan/html/heal/heal/assets/images/counter/icon/04.png]
[demos.codexcoder.com/labartisan/html/heal/heal/assets/images/footer/post/01.jpg]
[demos.codexcoder.com/labartisan/html/heal/heal/assets/images/footer/post/02.jpg]
[demos.codexcoder.com/labartisan/html/heal/heal/assets/images/footer/post/03.jpg]
[demos.codexcoder.com/labartisan/html/heal/heal/assets/images/footer/gallery/01.jpg]
[demos.codexcoder.com/labartisan/html/heal/heal/assets/images/footer/gallery/02.jpg]
[demos.codexcoder.com/labartisan/html/heal/heal/assets/images/footer/gallery/03.jpg]
[demos.codexcoder.com/labartisan/html/heal/heal/assets/images/footer/gallery/04.jpg]
[demos.codexcoder.com/labartisan/html/heal/heal/assets/images/footer/gallery/05.jpg]
[demos.codexcoder.com/labartisan/html/heal/heal/assets/images/footer/gallery/06.jpg]
[demos.codexcoder.com/labartisan/html/heal/heal/assets/images/footer/gallery/07.jpg]
[demos.codexcoder.com/labartisan/html/heal/heal/assets/images/footer/gallery/08.jpg]
[demos.codexcoder.com/labartisan/html/heal/heal/assets/images/footer/gallery/09.jpg]
[demos.codexcoder.com/labartisan/html/heal/heal/assets/js/donate-range.js]
[demos.codexcoder.com/labartisan/html/heal/heal/index-2.html]
[demos.codexcoder.com/labartisan/html/heal/heal/assets/images/logo/logo.png]
[demos.codexcoder.com/labartisan/html/heal/heal/assets/images/poster/01.jpg]
[demos.codexcoder.com/labartisan/html/heal/heal/assets/images/poster/volunteer/01.jpg]
[demos.codexcoder.com/labartisan/html/heal/heal/assets/images/sermon/01.jpg]
[demos.codexcoder.com/labartisan/html/heal/heal/assets/images/sermon/02.jpg]
[demos.codexcoder.com/labartisan/html/heal/heal/assets/images/sermon/accodin/01.jpg]
[demos.codexcoder.com/labartisan/html/heal/heal/assets/images/gallery/01.jpg]
[demos.codexcoder.com/labartisan/html/heal/heal/assets/images/gallery/02.jpg]
[demos.codexcoder.com/labartisan/html/heal/heal/assets/images/gallery/03.jpg]
[demos.codexcoder.com/labartisan/html/heal/heal/assets/images/gallery/04.jpg]
[demos.codexcoder.com/labartisan/html/heal/heal/assets/images/gallery/05.jpg]
[demos.codexcoder.com/labartisan/html/heal/heal/assets/images/gallery/06.jpg]
[demos.codexcoder.com/labartisan/html/heal/heal/assets/images/gallery/07.jpg]
[demos.codexcoder.com/labartisan/html/heal/heal/assets/images/gallery/08.jpg]
[demos.codexcoder.com/labartisan/html/heal/heal/assets/images/gallery/09.jpg]
[demos.codexcoder.com/labartisan/html/heal/heal/assets/images/blog/01.jpg]
[demos.codexcoder.com/labartisan/html/heal/heal/assets/images/blog/client/01.jpg]
[demos.codexcoder.com/labartisan/html/heal/heal/assets/images/blog/client/02.jpg]
[demos.codexcoder.com/labartisan/html/heal/heal/assets/images/blog/client/03.jpg]
[demos.codexcoder.com/labartisan/html/heal/heal/index-3.html]
[demos.codexcoder.com/labartisan/html/heal/heal/assets/images/event/03.jpg]
[demos.codexcoder.com/labartisan/html/heal/heal/assets/images/event/04.jpg]
[demos.codexcoder.com/labartisan/html/heal/heal/assets/images/event/05.jpg]
[demos.codexcoder.com/labartisan/html/heal/heal/assets/images/event/06.jpg]
[demos.codexcoder.com/labartisan/html/heal/heal/assets/images/event/07.jpg]
[demos.codexcoder.com/labartisan/html/heal/heal/assets/images/blog/post/01.jpg]
[demos.codexcoder.com/labartisan/html/heal/heal/assets/images/blog/post/02.jpg]
[demos.codexcoder.com/labartisan/html/heal/heal/assets/images/blog/post/03.jpg]
[demos.codexcoder.com/labartisan/html/heal/heal/assets/images/blog/post/04.jpg]
[demos.codexcoder.com/labartisan/html/heal/heal/assets/images/instagram/01.jpg]
[demos.codexcoder.com/labartisan/html/heal/heal/assets/images/instagram/02.jpg]
[demos.codexcoder.com/labartisan/html/heal/heal/assets/images/instagram/03.jpg]
[demos.codexcoder.com/labartisan/html/heal/heal/assets/images/instagram/04.jpg]
[demos.codexcoder.com/labartisan/html/heal/heal/assets/images/instagram/05.jpg]
[demos.codexcoder.com/labartisan/html/heal/heal/assets/images/instagram/06.jpg]
[demos.codexcoder.com/labartisan/html/heal/heal/assets/images/instagram/07.jpg]
[demos.codexcoder.com/labartisan/html/heal/heal/assets/images/instagram/08.jpg]
[demos.codexcoder.com/labartisan/html/heal/heal/event.html]
[demos.codexcoder.com/labartisan/html/heal/heal/event-grid.html]
[demos.codexcoder.com/labartisan/html/heal/heal/event-list.html]
[demos.codexcoder.com/labartisan/html/heal/heal/assets/images/event/single/01.jpg]
[demos.codexcoder.com/labartisan/html/heal/heal/assets/images/event/single/02.jpg]
[demos.codexcoder.com/labartisan/html/heal/heal/event-single.html]
[demos.codexcoder.com/labartisan/html/heal/heal/assets/images/event/single/03.jpg]
[demos.codexcoder.com/labartisan/html/heal/heal/event-single2.html]
[demos.codexcoder.com/labartisan/html/heal/heal/gallery.html]
[demos.codexcoder.com/labartisan/html/heal/heal/assets/images/gallery/home-2/09.jpg]
[demos.codexcoder.com/labartisan/html/heal/heal/assets/images/gallery/home-2/10.jpg]
[demos.codexcoder.com/labartisan/html/heal/heal/assets/images/gallery/home-2/11.jpg]
[demos.codexcoder.com/labartisan/html/heal/heal/assets/images/gallery/home-2/12.jpg]
[demos.codexcoder.com/labartisan/html/heal/heal/assets/images/gallery/home-2/13.jpg]
[demos.codexcoder.com/labartisan/html/heal/heal/assets/images/gallery/home-2/14.jpg]
[demos.codexcoder.com/labartisan/html/heal/heal/assets/images/gallery/home-2/15.jpg]
[demos.codexcoder.com/labartisan/html/heal/heal/assets/images/gallery/home-2/16.jpg]
[demos.codexcoder.com/labartisan/html/heal/heal/gallery-2.html]
[demos.codexcoder.com/labartisan/html/heal/heal/assets/images/gallery/home-2/17.jpg]
[demos.codexcoder.com/labartisan/html/heal/heal/assets/images/gallery/home-2/18.jpg]
[demos.codexcoder.com/labartisan/html/heal/heal/gallery-fluid.html]
[demos.codexcoder.com/labartisan/html/heal/heal/assets/images/gallery/10.jpg]
[demos.codexcoder.com/labartisan/html/heal/heal/assets/images/gallery/11.jpg]
[demos.codexcoder.com/labartisan/html/heal/heal/assets/images/gallery/12.jpg]
[demos.codexcoder.com/labartisan/html/heal/heal/assets/images/gallery/13.jpg]
[demos.codexcoder.com/labartisan/html/heal/heal/assets/images/gallery/14.jpg]
[demos.codexcoder.com/labartisan/html/heal/heal/assets/images/gallery/15.jpg]
[demos.codexcoder.com/labartisan/html/heal/heal/assets/images/gallery/16.jpg]
[demos.codexcoder.com/labartisan/html/heal/heal/assets/images/gallery/17.jpg]
[demos.codexcoder.com/labartisan/html/heal/heal/assets/images/gallery/18.jpg]
[demos.codexcoder.com/labartisan/html/heal/heal/gallery-masonary.html]
[demos.codexcoder.com/labartisan/html/heal/heal/assets/images/blog/06.jpg]
[demos.codexcoder.com/labartisan/html/heal/heal/assets/images/blog/07.jpg]
[demos.codexcoder.com/labartisan/html/heal/heal/assets/images/blog/08.jpg]
[demos.codexcoder.com/labartisan/html/heal/heal/assets/images/blog/09.jpg]
[demos.codexcoder.com/labartisan/html/heal/heal/blog.html]
[demos.codexcoder.com/labartisan/html/heal/heal/assets/images/blog/single/01.jpg]
[demos.codexcoder.com/labartisan/html/heal/heal/assets/images/blog/author/01.jpg]
[demos.codexcoder.com/labartisan/html/heal/heal/assets/images/blog/author/02.jpg]
[demos.codexcoder.com/labartisan/html/heal/heal/blog-single.html]
[demos.codexcoder.com/labartisan/html/heal/heal/contact.html]
[demos.codexcoder.com/labartisan/html/heal/heal/assets/images/cases/01.jpg]
[demos.codexcoder.com/labartisan/html/heal/heal/causes.html]
[demos.codexcoder.com/labartisan/html/heal/heal/assets/webfonts/fa-brands-400.svg]
[demos.codexcoder.com/labartisan/html/heal/heal/assets/webfonts/fa-regular-400.svg]
[demos.codexcoder.com/labartisan/html/heal/heal/assets/webfonts/fa-solid-900.svg]
[demos.codexcoder.com/labartisan/html/heal/heal/assets/fonts/lightcaseeead.svg]
[demos.codexcoder.com/labartisan/html/heal/heal/contact-2.html]
